<?xml version="1.0" encoding="UTF-8"?>
<!-- Generated by org.testng.reporters.JUnitReportReporter -->
<testsuite skipped="0" hostname="WKWIN6962993" name="DataShare.CreateBookingTest" tests="1" failures="0" timestamp="2021-07-22T23:49:37 IST" time="6.214" errors="0">
  <testcase name="createBooking" time="6.214" classname="DataShare.CreateBookingTest"/>
  <system-out/>
</testsuite> <!-- DataShare.CreateBookingTest -->
