<?xml version="1.0" encoding="UTF-8"?>
<!-- Generated by org.testng.reporters.JUnitReportReporter -->
<testsuite skipped="0" hostname="DESKTOP-2RAM82V" name="JsonPathExamples.JsonPathNonExistence" tests="1" failures="0" timestamp="2021-03-18T01:06:24 IST" time="1.303" errors="0">
  <testcase name="jsonPathDemo1" time="1.303" classname="JsonPathExamples.JsonPathNonExistence"/>
  <system-out/>
</testsuite> <!-- JsonPathExamples.JsonPathNonExistence -->
