<?xml version="1.0" encoding="UTF-8"?>
<!-- Generated by org.testng.reporters.JUnitReportReporter -->
<testsuite skipped="0" hostname="WKWIN6962993" name="DataShare.T1" tests="1" failures="0" timestamp="2021-07-11T22:20:50 IST" time="5.092" errors="0">
  <testcase name="createBooking" time="5.092" classname="DataShare.T1"/>
  <system-out/>
</testsuite> <!-- DataShare.T1 -->
