<?xml version="1.0" encoding="UTF-8"?>
<!-- Generated by org.testng.reporters.JUnitReportReporter -->
<testsuite skipped="0" hostname="WKWIN6962993" name="DataShare.CreateBookingTest2" tests="1" failures="0" timestamp="2021-07-22T23:50:06 IST" time="6.929" errors="0">
  <testcase name="createBooking" time="6.929" classname="DataShare.CreateBookingTest2"/>
  <system-out/>
</testsuite> <!-- DataShare.CreateBookingTest2 -->
