<?xml version="1.0" encoding="UTF-8"?>
<!-- Generated by org.testng.reporters.JUnitReportReporter -->
<testsuite skipped="0" hostname="DESKTOP-2RAM82V" name="JsonPathExamples.JsonPathIntro" tests="1" failures="0" timestamp="2021-03-18T00:36:30 IST" time="1.989" errors="0">
  <testcase name="jsonPathDemo" time="1.989" classname="JsonPathExamples.JsonPathIntro"/>
  <system-out/>
</testsuite> <!-- JsonPathExamples.JsonPathIntro -->
