<?xml version="1.0" encoding="UTF-8"?>
<!-- Generated by org.testng.reporters.JUnitReportReporter -->
<testsuite skipped="0" hostname="WKWIN6962993" name="DataShare.TestModuleOne" tests="2" failures="0" timestamp="2021-06-12T02:07:26 IST" time="18.348" errors="0">
  <testcase name="createBooking" time="6.980" classname="DataShare.TestModuleOne"/>
  <system-out/>
  <testcase name="retrieveBooking" time="11.368" classname="DataShare.TestModuleOne"/>
  <system-out/>
</testsuite> <!-- DataShare.TestModuleOne -->
