<?xml version="1.0" encoding="UTF-8"?>
<!-- Generated by org.testng.reporters.JUnitReportReporter -->
<testsuite skipped="0" hostname="WKWIN6962993" name="DataShare.GetBookingDetails" tests="1" failures="0" timestamp="2021-07-22T23:49:37 IST" time="1.219" errors="0">
  <testcase name="getBooking" time="1.219" classname="DataShare.GetBookingDetails"/>
  <system-out/>
</testsuite> <!-- DataShare.GetBookingDetails -->
