<?xml version="1.0" encoding="UTF-8"?>
<!-- Generated by org.testng.reporters.JUnitReportReporter -->
<testsuite skipped="0" hostname="WKWIN6962993" name="DataShare.TestModuleTwo" tests="2" failures="0" timestamp="2021-06-12T02:07:26 IST" time="28.827" errors="0">
  <testcase name="createBooking" time="6.985" classname="DataShare.TestModuleTwo"/>
  <system-out/>
  <testcase name="retrieveBooking" time="21.842" classname="DataShare.TestModuleTwo"/>
  <system-out/>
</testsuite> <!-- DataShare.TestModuleTwo -->
