<?xml version="1.0" encoding="UTF-8"?>
<!-- Generated by org.testng.reporters.JUnitReportReporter -->
<testsuite skipped="0" hostname="WKWIN6962993" name="DataShare.GetBookingDetails2" tests="1" failures="0" timestamp="2021-07-22T23:50:06 IST" time="1.225" errors="0">
  <testcase name="getBooking" time="1.225" classname="DataShare.GetBookingDetails2"/>
  <system-out/>
</testsuite> <!-- DataShare.GetBookingDetails2 -->
