<?xml version="1.0" encoding="UTF-8"?>
<!-- Generated by org.testng.reporters.JUnitReportReporter -->
<testsuite skipped="0" hostname="WKWIN6962993" name="DataShare.TestModuleOneWithThreadLocalDataMap" tests="2" failures="0" timestamp="2021-06-15T01:50:53 IST" time="17.500" errors="0">
  <testcase name="createBooking" time="6.142" classname="DataShare.TestModuleOneWithThreadLocalDataMap"/>
  <system-out/>
  <testcase name="retrieveBooking" time="11.358" classname="DataShare.TestModuleOneWithThreadLocalDataMap"/>
  <system-out/>
</testsuite> <!-- DataShare.TestModuleOneWithThreadLocalDataMap -->
