<?xml version="1.0" encoding="UTF-8"?>
<!-- Generated by org.testng.reporters.JUnitReportReporter -->
<testsuite skipped="0" hostname="WKWIN6962993" name="DataShare.T2" tests="1" failures="0" timestamp="2021-07-11T22:20:50 IST" time="1.386" errors="0">
  <testcase name="updateBooking" time="1.386" classname="DataShare.T2"/>
  <system-out/>
</testsuite> <!-- DataShare.T2 -->
