<?xml version="1.0" encoding="UTF-8"?>
<!-- Generated by org.testng.reporters.JUnitReportReporter -->
<testsuite skipped="0" hostname="WKWIN6962993" name="DataShare.TestModuleTwoWithThreadLocalDatamap" tests="2" failures="0" timestamp="2021-06-15T01:50:53 IST" time="27.596" errors="0">
  <testcase name="createBooking" time="6.191" classname="DataShare.TestModuleTwoWithThreadLocalDatamap"/>
  <system-out/>
  <testcase name="retrieveBooking" time="21.405" classname="DataShare.TestModuleTwoWithThreadLocalDatamap"/>
  <system-out/>
</testsuite> <!-- DataShare.TestModuleTwoWithThreadLocalDatamap -->
